# JRE version: Java(TM) SE Runtime Environment (8.0_91-b14) (build 1.8.0_91-b14)
# Java VM: Java HotSpot(TM) 64-Bit Server VM (25.91-b14 mixed mode linux-amd64 compressed oops)
Heap:
 PSYoungGen      total 259072K, used 251955K [0x00000000eab00000, 0x0000000100000000, 0x0000000100000000)
  eden space 168960K, 95% used [0x00000000eab00000,0x00000000f4910cb0,0x00000000f5000000)
  from space 90112K, 99% used [0x00000000f5000000,0x00000000fa7fc330,0x00000000fa800000)
  to   space 90112K, 99% used [0x00000000fa800000,0x00000000ffff9770,0x0000000100000000)
 ParOldGen       total 699392K, used 699386K [0x00000000c0000000, 0x00000000eab00000, 0x00000000eab00000)
  object space 699392K, 99% used [0x00000000c0000000,0x00000000eaafeb68,0x00000000eab00000)
 Metaspace       used 129112K, capacity 140966K, committed 141124K, reserved 1171456K
  class space    used 15566K, capacity 19049K, committed 19072K, reserved 1048576K
GC Heap History (10 events):
Event: 110906,939 GC heap after
Heap after GC invocations=1371 (full 381):
 PSYoungGen      total 249856K, used 56313K [0x00000000eab00000, 0x0000000100000000, 0x0000000100000000)
  eden space 193536K, 0% used [0x00000000eab00000,0x00000000eab00000,0x00000000f6800000)
  from space 56320K, 99% used [0x00000000fc900000,0x00000000ffffe7e0,0x0000000100000000)
  to   space 77824K, 0% used [0x00000000f6800000,0x00000000f6800000,0x00000000fb400000)
 ParOldGen       total 699392K, used 506692K [0x00000000c0000000, 0x00000000eab00000, 0x00000000eab00000)
  object space 699392K, 72% used [0x00000000c0000000,0x00000000deed12d0,0x00000000eab00000)
 Metaspace       used 129047K, capacity 140960K, committed 141124K, reserved 1171456K
  class space    used 15563K, capacity 19048K, committed 19072K, reserved 1048576K
}
Event: 110924,050 GC heap before
{Heap before GC invocations=1372 (full 381):
 PSYoungGen      total 249856K, used 249849K [0x00000000eab00000, 0x0000000100000000, 0x0000000100000000)
  eden space 193536K, 100% used [0x00000000eab00000,0x00000000f6800000,0x00000000f6800000)
  from space 56320K, 99% used [0x00000000fc900000,0x00000000ffffe7e0,0x0000000100000000)
  to   space 77824K, 0% used [0x00000000f6800000,0x00000000f6800000,0x00000000fb400000)
 ParOldGen       total 699392K, used 506692K [0x00000000c0000000, 0x00000000eab00000, 0x00000000eab00000)
  object space 699392K, 72% used [0x00000000c0000000,0x00000000deed12d0,0x00000000eab00000)
 Metaspace       used 129112K, capacity 140966K, committed 141124K, reserved 1171456K
  class space    used 15566K, capacity 19049K, committed 19072K, reserved 1048576K
Event: 110924,459 GC heap after
Heap after GC invocations=1372 (full 381):
 PSYoungGen      total 258048K, used 64125K [0x00000000eab00000, 0x0000000100000000, 0x0000000100000000)
  eden space 193536K, 0% used [0x00000000eab00000,0x00000000eab00000,0x00000000f6800000)
  from space 64512K, 99% used [0x00000000f6800000,0x00000000fa69f5a0,0x00000000fa700000)
  to   space 86016K, 0% used [0x00000000fac00000,0x00000000fac00000,0x0000000100000000)
 ParOldGen       total 699392K, used 507192K [0x00000000c0000000, 0x00000000eab00000, 0x00000000eab00000)
  object space 699392K, 72% used [0x00000000c0000000,0x00000000def4e290,0x00000000eab00000)
 Metaspace       used 129112K, capacity 140966K, committed 141124K, reserved 1171456K
  class space    used 15566K, capacity 19049K, committed 19072K, reserved 1048576K
}
Event: 110928,722 GC heap before
{Heap before GC invocations=1373 (full 381):
 PSYoungGen      total 258048K, used 257661K [0x00000000eab00000, 0x0000000100000000, 0x0000000100000000)
  eden space 193536K, 100% used [0x00000000eab00000,0x00000000f6800000,0x00000000f6800000)
  from space 64512K, 99% used [0x00000000f6800000,0x00000000fa69f5a0,0x00000000fa700000)
  to   space 86016K, 0% used [0x00000000fac00000,0x00000000fac00000,0x0000000100000000)
 ParOldGen       total 699392K, used 507192K [0x00000000c0000000, 0x00000000eab00000, 0x00000000eab00000)
  object space 699392K, 72% used [0x00000000c0000000,0x00000000def4e290,0x00000000eab00000)
 Metaspace       used 129112K, capacity 140966K, committed 141124K, reserved 1171456K
  class space    used 15566K, capacity 19049K, committed 19072K, reserved 1048576K
Event: 110929,042 GC heap after
Heap after GC invocations=1373 (full 381):
 PSYoungGen      total 254976K, used 56766K [0x00000000eab00000, 0x0000000100000000, 0x0000000100000000)
  eden space 168960K, 0% used [0x00000000eab00000,0x00000000eab00000,0x00000000f5000000)
  from space 86016K, 65% used [0x00000000fac00000,0x00000000fe36fb98,0x0000000100000000)
  to   space 90112K, 0% used [0x00000000f5000000,0x00000000f5000000,0x00000000fa800000)
 ParOldGen       total 699392K, used 507192K [0x00000000c0000000, 0x00000000eab00000, 0x00000000eab00000)
  object space 699392K, 72% used [0x00000000c0000000,0x00000000def4e290,0x00000000eab00000)
 Metaspace       used 129112K, capacity 140966K, committed 141124K, reserved 1171456K
  class space    used 15566K, capacity 19049K, committed 19072K, reserved 1048576K
}
Event: 110937,063 GC heap before
{Heap before GC invocations=1374 (full 381):
 PSYoungGen      total 254976K, used 225726K [0x00000000eab00000, 0x0000000100000000, 0x0000000100000000)
  eden space 168960K, 100% used [0x00000000eab00000,0x00000000f5000000,0x00000000f5000000)
  from space 86016K, 65% used [0x00000000fac00000,0x00000000fe36fb98,0x0000000100000000)
  to   space 90112K, 0% used [0x00000000f5000000,0x00000000f5000000,0x00000000fa800000)
 ParOldGen       total 699392K, used 507192K [0x00000000c0000000, 0x00000000eab00000, 0x00000000eab00000)
  object space 699392K, 72% used [0x00000000c0000000,0x00000000def4e290,0x00000000eab00000)
 Metaspace       used 129112K, capacity 140966K, committed 141124K, reserved 1171456K
  class space    used 15566K, capacity 19049K, committed 19072K, reserved 1048576K
Event: 110988,712 GC heap after
Heap after GC invocations=1374 (full 381):
 PSYoungGen      total 259072K, used 90096K [0x00000000eab00000, 0x0000000100000000, 0x0000000100000000)
  eden space 168960K, 0% used [0x00000000eab00000,0x00000000eab00000,0x00000000f5000000)
  from space 90112K, 99% used [0x00000000f5000000,0x00000000fa7fc330,0x00000000fa800000)
  to   space 90112K, 0% used [0x00000000fa800000,0x00000000fa800000,0x0000000100000000)
 ParOldGen       total 699392K, used 600062K [0x00000000c0000000, 0x00000000eab00000, 0x00000000eab00000)
  object space 699392K, 85% used [0x00000000c0000000,0x00000000e49ff828,0x00000000eab00000)
 Metaspace       used 129112K, capacity 140966K, committed 141124K, reserved 1171456K
  class space    used 15566K, capacity 19049K, committed 19072K, reserved 1048576K
}
Event: 110989,632 GC heap before
{Heap before GC invocations=1375 (full 381):
 PSYoungGen      total 259072K, used 251955K [0x00000000eab00000, 0x0000000100000000, 0x0000000100000000)
  eden space 168960K, 95% used [0x00000000eab00000,0x00000000f4910cb0,0x00000000f5000000)
  from space 90112K, 99% used [0x00000000f5000000,0x00000000fa7fc330,0x00000000fa800000)
  to   space 90112K, 0% used [0x00000000fa800000,0x00000000fa800000,0x0000000100000000)
 ParOldGen       total 699392K, used 600062K [0x00000000c0000000, 0x00000000eab00000, 0x00000000eab00000)
  object space 699392K, 85% used [0x00000000c0000000,0x00000000e49ff828,0x00000000eab00000)
 Metaspace       used 129112K, capacity 140966K, committed 141124K, reserved 1171456K
  class space    used 15566K, capacity 19049K, committed 19072K, reserved 1048576K
Event: 111014,731 GC heap after
Heap after GC invocations=1375 (full 381):
 PSYoungGen      total 259072K, used 251955K [0x00000000eab00000, 0x0000000100000000, 0x0000000100000000)
  eden space 168960K, 95% used [0x00000000eab00000,0x00000000f4910cb0,0x00000000f5000000)
  from space 90112K, 99% used [0x00000000f5000000,0x00000000fa7fc330,0x00000000fa800000)
  to   space 90112K, 99% used [0x00000000fa800000,0x00000000ffff9770,0x0000000100000000)
 ParOldGen       total 699392K, used 699386K [0x00000000c0000000, 0x00000000eab00000, 0x00000000eab00000)
  object space 699392K, 99% used [0x00000000c0000000,0x00000000eaafeb68,0x00000000eab00000)
 Metaspace       used 129112K, capacity 140966K, committed 141124K, reserved 1171456K
  class space    used 15566K, capacity 19049K, committed 19072K, reserved 1048576K
}
Event: 111014,731 GC heap before
{Heap before GC invocations=1376 (full 382):
 PSYoungGen      total 259072K, used 251955K [0x00000000eab00000, 0x0000000100000000, 0x0000000100000000)
  eden space 168960K, 95% used [0x00000000eab00000,0x00000000f4910cb0,0x00000000f5000000)
  from space 90112K, 99% used [0x00000000f5000000,0x00000000fa7fc330,0x00000000fa800000)
  to   space 90112K, 99% used [0x00000000fa800000,0x00000000ffff9770,0x0000000100000000)
 ParOldGen       total 699392K, used 699386K [0x00000000c0000000, 0x00000000eab00000, 0x00000000eab00000)
  object space 699392K, 99% used [0x00000000c0000000,0x00000000eaafeb68,0x00000000eab00000)
 Metaspace       used 129112K, capacity 140966K, committed 141124K, reserved 1171456K
  class space    used 15566K, capacity 19049K, committed 19072K, reserved 1048576K

